<?xml version="1.0" encoding="UTF-8"?>
<testsuite xmlns:xsi="http://www.w3.org/2001/XMLSchema-instance" xsi:noNamespaceSchemaLocation="https://maven.apache.org/surefire/maven-surefire-plugin/xsd/surefire-test-report-3.0.xsd" version="3.0" name="TestSuite" time="25.826" tests="16" errors="0" skipped="0" failures="0">
  <properties>
    <property name="java.specification.version" value="16"/>
    <property name="sun.cpu.isalist" value="amd64"/>
    <property name="sun.jnu.encoding" value="Cp1252"/>
    <property name="java.class.path" value="C:\Swapnil&apos;s Project\RestAssuredFramework\target\test-classes;C:\Swapnil&apos;s Project\RestAssuredFramework\target\classes;C:\Users\Hp\.m2\repository\io\rest-assured\rest-assured\5.3.0\rest-assured-5.3.0.jar;C:\Users\Hp\.m2\repository\org\apache\groovy\groovy\4.0.6\groovy-4.0.6.jar;C:\Users\Hp\.m2\repository\org\apache\groovy\groovy-xml\4.0.6\groovy-xml-4.0.6.jar;C:\Users\Hp\.m2\repository\org\apache\httpcomponents\httpclient\4.5.13\httpclient-4.5.13.jar;C:\Users\Hp\.m2\repository\org\apache\httpcomponents\httpcore\4.4.13\httpcore-4.4.13.jar;C:\Users\Hp\.m2\repository\commons-logging\commons-logging\1.2\commons-logging-1.2.jar;C:\Users\Hp\.m2\repository\org\apache\httpcomponents\httpmime\4.5.13\httpmime-4.5.13.jar;C:\Users\Hp\.m2\repository\org\hamcrest\hamcrest\2.1\hamcrest-2.1.jar;C:\Users\Hp\.m2\repository\org\ccil\cowan\tagsoup\tagsoup\1.2.1\tagsoup-1.2.1.jar;C:\Users\Hp\.m2\repository\io\rest-assured\json-path\5.3.0\json-path-5.3.0.jar;C:\Users\Hp\.m2\repository\org\apache\groovy\groovy-json\4.0.6\groovy-json-4.0.6.jar;C:\Users\Hp\.m2\repository\io\rest-assured\rest-assured-common\5.3.0\rest-assured-common-5.3.0.jar;C:\Users\Hp\.m2\repository\io\rest-assured\xml-path\5.3.0\xml-path-5.3.0.jar;C:\Users\Hp\.m2\repository\org\testng\testng\7.7.1\testng-7.7.1.jar;C:\Users\Hp\.m2\repository\org\slf4j\slf4j-api\1.7.36\slf4j-api-1.7.36.jar;C:\Users\Hp\.m2\repository\com\beust\jcommander\1.82\jcommander-1.82.jar;C:\Users\Hp\.m2\repository\org\webjars\jquery\3.6.1\jquery-3.6.1.jar;C:\Users\Hp\.m2\repository\com\github\scribejava\scribejava-apis\8.3.1\scribejava-apis-8.3.1.jar;C:\Users\Hp\.m2\repository\com\github\scribejava\scribejava-core\8.3.1\scribejava-core-8.3.1.jar;C:\Users\Hp\.m2\repository\com\github\scribejava\scribejava-java8\8.3.1\scribejava-java8-8.3.1.jar;C:\Users\Hp\.m2\repository\com\fasterxml\jackson\core\jackson-databind\2.12.3\jackson-databind-2.12.3.jar;C:\Users\Hp\.m2\repository\com\fasterxml\jackson\core\jackson-annotations\2.12.3\jackson-annotations-2.12.3.jar;C:\Users\Hp\.m2\repository\com\fasterxml\jackson\core\jackson-core\2.12.3\jackson-core-2.12.3.jar;C:\Users\Hp\.m2\repository\com\github\fge\json-schema-validator\2.2.6\json-schema-validator-2.2.6.jar;C:\Users\Hp\.m2\repository\com\google\code\findbugs\jsr305\3.0.0\jsr305-3.0.0.jar;C:\Users\Hp\.m2\repository\joda-time\joda-time\2.3\joda-time-2.3.jar;C:\Users\Hp\.m2\repository\com\googlecode\libphonenumber\libphonenumber\6.2\libphonenumber-6.2.jar;C:\Users\Hp\.m2\repository\com\github\fge\json-schema-core\1.2.5\json-schema-core-1.2.5.jar;C:\Users\Hp\.m2\repository\com\github\fge\uri-template\0.9\uri-template-0.9.jar;C:\Users\Hp\.m2\repository\com\github\fge\msg-simple\1.1\msg-simple-1.1.jar;C:\Users\Hp\.m2\repository\com\github\fge\btf\1.2\btf-1.2.jar;C:\Users\Hp\.m2\repository\com\google\guava\guava\16.0.1\guava-16.0.1.jar;C:\Users\Hp\.m2\repository\com\github\fge\jackson-coreutils\1.8\jackson-coreutils-1.8.jar;C:\Users\Hp\.m2\repository\org\mozilla\rhino\1.7R4\rhino-1.7R4.jar;C:\Users\Hp\.m2\repository\javax\mail\mailapi\1.4.3\mailapi-1.4.3.jar;C:\Users\Hp\.m2\repository\javax\activation\activation\1.1\activation-1.1.jar;C:\Users\Hp\.m2\repository\net\sf\jopt-simple\jopt-simple\4.6\jopt-simple-4.6.jar;C:\Users\Hp\.m2\repository\com\aventstack\extentreports\5.0.9\extentreports-5.0.9.jar;C:\Users\Hp\.m2\repository\io\reactivex\rxjava3\rxjava\3.0.4\rxjava-3.0.4.jar;C:\Users\Hp\.m2\repository\org\reactivestreams\reactive-streams\1.0.3\reactive-streams-1.0.3.jar;C:\Users\Hp\.m2\repository\org\freemarker\freemarker\2.3.30\freemarker-2.3.30.jar;C:\Users\Hp\.m2\repository\org\projectlombok\lombok\1.18.12\lombok-1.18.12.jar;C:\Users\Hp\.m2\repository\com\google\code\gson\gson\2.8.6\gson-2.8.6.jar;C:\Users\Hp\.m2\repository\org\apache\poi\poi\5.2.3\poi-5.2.3.jar;C:\Users\Hp\.m2\repository\commons-codec\commons-codec\1.15\commons-codec-1.15.jar;C:\Users\Hp\.m2\repository\org\apache\commons\commons-collections4\4.4\commons-collections4-4.4.jar;C:\Users\Hp\.m2\repository\org\apache\commons\commons-math3\3.6.1\commons-math3-3.6.1.jar;C:\Users\Hp\.m2\repository\commons-io\commons-io\2.11.0\commons-io-2.11.0.jar;C:\Users\Hp\.m2\repository\com\zaxxer\SparseBitSet\1.2\SparseBitSet-1.2.jar;C:\Users\Hp\.m2\repository\org\apache\poi\poi-ooxml\5.2.3\poi-ooxml-5.2.3.jar;C:\Users\Hp\.m2\repository\org\apache\poi\poi-ooxml-lite\5.2.3\poi-ooxml-lite-5.2.3.jar;C:\Users\Hp\.m2\repository\org\apache\xmlbeans\xmlbeans\5.1.1\xmlbeans-5.1.1.jar;C:\Users\Hp\.m2\repository\org\apache\commons\commons-compress\1.21\commons-compress-1.21.jar;C:\Users\Hp\.m2\repository\com\github\virtuald\curvesapi\1.07\curvesapi-1.07.jar;C:\Users\Hp\.m2\repository\com\github\javafaker\javafaker\1.0.2\javafaker-1.0.2.jar;C:\Users\Hp\.m2\repository\org\apache\commons\commons-lang3\3.5\commons-lang3-3.5.jar;C:\Users\Hp\.m2\repository\org\yaml\snakeyaml\1.23\snakeyaml-1.23-android.jar;C:\Users\Hp\.m2\repository\com\github\mifmif\generex\1.0.2\generex-1.0.2.jar;C:\Users\Hp\.m2\repository\dk\brics\automaton\automaton\1.11-8\automaton-1.11-8.jar;C:\Users\Hp\.m2\repository\org\apache\logging\log4j\log4j-core\2.22.1\log4j-core-2.22.1.jar;C:\Users\Hp\.m2\repository\org\apache\logging\log4j\log4j-api\2.22.1\log4j-api-2.22.1.jar;"/>
    <property name="java.vm.vendor" value="Oracle Corporation"/>
    <property name="sun.arch.data.model" value="64"/>
    <property name="user.variant" value=""/>
    <property name="java.vendor.url" value="https://java.oracle.com/"/>
    <property name="user.timezone" value="Asia/Calcutta"/>
    <property name="os.name" value="Windows 10"/>
    <property name="java.vm.specification.version" value="16"/>
    <property name="sun.java.launcher" value="SUN_STANDARD"/>
    <property name="user.country" value="IN"/>
    <property name="sun.boot.library.path" value="C:\eclipse\plugins\org.eclipse.justj.openjdk.hotspot.jre.full.win32.x86_64_16.0.1.v20210528-1205\jre\bin"/>
    <property name="sun.java.command" value="C:\Users\Hp\AppData\Local\Temp\surefire8742553001851393727\surefirebooter15135378590587610272.jar C:\Users\Hp\AppData\Local\Temp\surefire8742553001851393727 2024-07-18T19-39-59_562-jvmRun1 surefire14209330145808586820tmp surefire_016700457262599854002tmp"/>
    <property name="jdk.debug" value="release"/>
    <property name="surefire.test.class.path" value="C:\Swapnil&apos;s Project\RestAssuredFramework\target\test-classes;C:\Swapnil&apos;s Project\RestAssuredFramework\target\classes;C:\Users\Hp\.m2\repository\io\rest-assured\rest-assured\5.3.0\rest-assured-5.3.0.jar;C:\Users\Hp\.m2\repository\org\apache\groovy\groovy\4.0.6\groovy-4.0.6.jar;C:\Users\Hp\.m2\repository\org\apache\groovy\groovy-xml\4.0.6\groovy-xml-4.0.6.jar;C:\Users\Hp\.m2\repository\org\apache\httpcomponents\httpclient\4.5.13\httpclient-4.5.13.jar;C:\Users\Hp\.m2\repository\org\apache\httpcomponents\httpcore\4.4.13\httpcore-4.4.13.jar;C:\Users\Hp\.m2\repository\commons-logging\commons-logging\1.2\commons-logging-1.2.jar;C:\Users\Hp\.m2\repository\org\apache\httpcomponents\httpmime\4.5.13\httpmime-4.5.13.jar;C:\Users\Hp\.m2\repository\org\hamcrest\hamcrest\2.1\hamcrest-2.1.jar;C:\Users\Hp\.m2\repository\org\ccil\cowan\tagsoup\tagsoup\1.2.1\tagsoup-1.2.1.jar;C:\Users\Hp\.m2\repository\io\rest-assured\json-path\5.3.0\json-path-5.3.0.jar;C:\Users\Hp\.m2\repository\org\apache\groovy\groovy-json\4.0.6\groovy-json-4.0.6.jar;C:\Users\Hp\.m2\repository\io\rest-assured\rest-assured-common\5.3.0\rest-assured-common-5.3.0.jar;C:\Users\Hp\.m2\repository\io\rest-assured\xml-path\5.3.0\xml-path-5.3.0.jar;C:\Users\Hp\.m2\repository\org\testng\testng\7.7.1\testng-7.7.1.jar;C:\Users\Hp\.m2\repository\org\slf4j\slf4j-api\1.7.36\slf4j-api-1.7.36.jar;C:\Users\Hp\.m2\repository\com\beust\jcommander\1.82\jcommander-1.82.jar;C:\Users\Hp\.m2\repository\org\webjars\jquery\3.6.1\jquery-3.6.1.jar;C:\Users\Hp\.m2\repository\com\github\scribejava\scribejava-apis\8.3.1\scribejava-apis-8.3.1.jar;C:\Users\Hp\.m2\repository\com\github\scribejava\scribejava-core\8.3.1\scribejava-core-8.3.1.jar;C:\Users\Hp\.m2\repository\com\github\scribejava\scribejava-java8\8.3.1\scribejava-java8-8.3.1.jar;C:\Users\Hp\.m2\repository\com\fasterxml\jackson\core\jackson-databind\2.12.3\jackson-databind-2.12.3.jar;C:\Users\Hp\.m2\repository\com\fasterxml\jackson\core\jackson-annotations\2.12.3\jackson-annotations-2.12.3.jar;C:\Users\Hp\.m2\repository\com\fasterxml\jackson\core\jackson-core\2.12.3\jackson-core-2.12.3.jar;C:\Users\Hp\.m2\repository\com\github\fge\json-schema-validator\2.2.6\json-schema-validator-2.2.6.jar;C:\Users\Hp\.m2\repository\com\google\code\findbugs\jsr305\3.0.0\jsr305-3.0.0.jar;C:\Users\Hp\.m2\repository\joda-time\joda-time\2.3\joda-time-2.3.jar;C:\Users\Hp\.m2\repository\com\googlecode\libphonenumber\libphonenumber\6.2\libphonenumber-6.2.jar;C:\Users\Hp\.m2\repository\com\github\fge\json-schema-core\1.2.5\json-schema-core-1.2.5.jar;C:\Users\Hp\.m2\repository\com\github\fge\uri-template\0.9\uri-template-0.9.jar;C:\Users\Hp\.m2\repository\com\github\fge\msg-simple\1.1\msg-simple-1.1.jar;C:\Users\Hp\.m2\repository\com\github\fge\btf\1.2\btf-1.2.jar;C:\Users\Hp\.m2\repository\com\google\guava\guava\16.0.1\guava-16.0.1.jar;C:\Users\Hp\.m2\repository\com\github\fge\jackson-coreutils\1.8\jackson-coreutils-1.8.jar;C:\Users\Hp\.m2\repository\org\mozilla\rhino\1.7R4\rhino-1.7R4.jar;C:\Users\Hp\.m2\repository\javax\mail\mailapi\1.4.3\mailapi-1.4.3.jar;C:\Users\Hp\.m2\repository\javax\activation\activation\1.1\activation-1.1.jar;C:\Users\Hp\.m2\repository\net\sf\jopt-simple\jopt-simple\4.6\jopt-simple-4.6.jar;C:\Users\Hp\.m2\repository\com\aventstack\extentreports\5.0.9\extentreports-5.0.9.jar;C:\Users\Hp\.m2\repository\io\reactivex\rxjava3\rxjava\3.0.4\rxjava-3.0.4.jar;C:\Users\Hp\.m2\repository\org\reactivestreams\reactive-streams\1.0.3\reactive-streams-1.0.3.jar;C:\Users\Hp\.m2\repository\org\freemarker\freemarker\2.3.30\freemarker-2.3.30.jar;C:\Users\Hp\.m2\repository\org\projectlombok\lombok\1.18.12\lombok-1.18.12.jar;C:\Users\Hp\.m2\repository\com\google\code\gson\gson\2.8.6\gson-2.8.6.jar;C:\Users\Hp\.m2\repository\org\apache\poi\poi\5.2.3\poi-5.2.3.jar;C:\Users\Hp\.m2\repository\commons-codec\commons-codec\1.15\commons-codec-1.15.jar;C:\Users\Hp\.m2\repository\org\apache\commons\commons-collections4\4.4\commons-collections4-4.4.jar;C:\Users\Hp\.m2\repository\org\apache\commons\commons-math3\3.6.1\commons-math3-3.6.1.jar;C:\Users\Hp\.m2\repository\commons-io\commons-io\2.11.0\commons-io-2.11.0.jar;C:\Users\Hp\.m2\repository\com\zaxxer\SparseBitSet\1.2\SparseBitSet-1.2.jar;C:\Users\Hp\.m2\repository\org\apache\poi\poi-ooxml\5.2.3\poi-ooxml-5.2.3.jar;C:\Users\Hp\.m2\repository\org\apache\poi\poi-ooxml-lite\5.2.3\poi-ooxml-lite-5.2.3.jar;C:\Users\Hp\.m2\repository\org\apache\xmlbeans\xmlbeans\5.1.1\xmlbeans-5.1.1.jar;C:\Users\Hp\.m2\repository\org\apache\commons\commons-compress\1.21\commons-compress-1.21.jar;C:\Users\Hp\.m2\repository\com\github\virtuald\curvesapi\1.07\curvesapi-1.07.jar;C:\Users\Hp\.m2\repository\com\github\javafaker\javafaker\1.0.2\javafaker-1.0.2.jar;C:\Users\Hp\.m2\repository\org\apache\commons\commons-lang3\3.5\commons-lang3-3.5.jar;C:\Users\Hp\.m2\repository\org\yaml\snakeyaml\1.23\snakeyaml-1.23-android.jar;C:\Users\Hp\.m2\repository\com\github\mifmif\generex\1.0.2\generex-1.0.2.jar;C:\Users\Hp\.m2\repository\dk\brics\automaton\automaton\1.11-8\automaton-1.11-8.jar;C:\Users\Hp\.m2\repository\org\apache\logging\log4j\log4j-core\2.22.1\log4j-core-2.22.1.jar;C:\Users\Hp\.m2\repository\org\apache\logging\log4j\log4j-api\2.22.1\log4j-api-2.22.1.jar;"/>
    <property name="sun.cpu.endian" value="little"/>
    <property name="user.home" value="C:\Users\Hp"/>
    <property name="user.language" value="en"/>
    <property name="java.specification.vendor" value="Oracle Corporation"/>
    <property name="java.version.date" value="2021-04-20"/>
    <property name="java.home" value="C:\eclipse\plugins\org.eclipse.justj.openjdk.hotspot.jre.full.win32.x86_64_16.0.1.v20210528-1205\jre"/>
    <property name="file.separator" value="\"/>
    <property name="basedir" value="C:\Swapnil&apos;s Project\RestAssuredFramework"/>
    <property name="java.vm.compressedOopsMode" value="Zero based"/>
    <property name="line.separator" value="&#10;"/>
    <property name="java.vm.specification.vendor" value="Oracle Corporation"/>
    <property name="java.specification.name" value="Java Platform API Specification"/>
    <property name="surefire.real.class.path" value="C:\Users\Hp\AppData\Local\Temp\surefire8742553001851393727\surefirebooter15135378590587610272.jar"/>
    <property name="user.script" value=""/>
    <property name="sun.management.compiler" value="HotSpot 64-Bit Tiered Compilers"/>
    <property name="java.runtime.version" value="16.0.1+9-24"/>
    <property name="user.name" value="Hp"/>
    <property name="path.separator" value=";"/>
    <property name="os.version" value="10.0"/>
    <property name="java.runtime.name" value="OpenJDK Runtime Environment"/>
    <property name="file.encoding" value="Cp1252"/>
    <property name="java.vm.name" value="OpenJDK 64-Bit Server VM"/>
    <property name="localRepository" value="C:\Users\Hp\.m2\repository"/>
    <property name="java.vendor.url.bug" value="https://bugreport.java.com/bugreport/"/>
    <property name="java.io.tmpdir" value="C:\Users\Hp\AppData\Local\Temp\"/>
    <property name="java.version" value="16.0.1"/>
    <property name="user.dir" value="C:\Swapnil&apos;s Project\RestAssuredFramework"/>
    <property name="os.arch" value="amd64"/>
    <property name="java.vm.specification.name" value="Java Virtual Machine Specification"/>
    <property name="sun.os.patch.level" value=""/>
    <property name="java.library.path" value="C:\eclipse\plugins\org.eclipse.justj.openjdk.hotspot.jre.full.win32.x86_64_16.0.1.v20210528-1205\jre\bin;C:\WINDOWS\Sun\Java\bin;C:\WINDOWS\system32;C:\WINDOWS;C:/eclipse//plugins/org.eclipse.justj.openjdk.hotspot.jre.full.win32.x86_64_16.0.1.v20210528-1205/jre/bin/server;C:/eclipse//plugins/org.eclipse.justj.openjdk.hotspot.jre.full.win32.x86_64_16.0.1.v20210528-1205/jre/bin;C:\Program Files (x86)\Common Files\Oracle\Java\java8path;C:\Program Files (x86)\Common Files\Oracle\Java\javapath;C:\Program Files\Java\jdk-17;C:\Python311\Scripts\;C:\Python311\;C:\windows\system32;C:\windows;C:\windows\System32\Wbem;C:\windows\System32\WindowsPowerShell\v1.0\;C:\windows\System32\OpenSSH\;C:\Program Files (x86)\NVIDIA Corporation\PhysX\Common;C:\Program Files\NVIDIA Corporation\NVIDIA NvDLISR;C:\WINDOWS\system32;C:\WINDOWS;C:\WINDOWS\System32\Wbem;C:\WINDOWS\System32\WindowsPowerShell\v1.0\;C:\WINDOWS\System32\OpenSSH\;C:\Program Files\Git\cmd;C:\Program Files\Docker\Docker\resources\bin;C:\ProgramData\DockerDesktop\version-bin;C:\Program Files\nodejs\;C:\ProgramData\chocolatey\bin;C:\Program Files\Java\jdk-17\bin;C:\Users\Hp\Desktop\Swapnil&apos;s Project\android\bin;C:\Users\Hp\Desktop\Swapnil&apos;s Project\android\build-tools;C:\Users\Hp\Desktop\Swapnil&apos;s Project\android\platforms-tools;C:\Program Files\apache-maven-3.9.8\bin;C:\Program Files\Java\jre-1.8\bin;C:\Program Files\Java\jdk1.8.0_301\bin;C:\Program Files\MySQL\MySQL Shell 8.0\bin\;C:\Users\Hp\AppData\Local\Microsoft\WindowsApps;C:\Users\Hp\AppData\Roaming\npm;C:\Users\Hp\AppData\Local\Programs\Microsoft VS Code\bin;;C:\eclipse;;."/>
    <property name="java.vm.info" value="mixed mode"/>
    <property name="java.vendor" value="Oracle Corporation"/>
    <property name="java.vm.version" value="16.0.1+9-24"/>
    <property name="sun.io.unicode.encoding" value="UnicodeLittle"/>
    <property name="java.class.version" value="60.0"/>
  </properties>
  <testcase name="testCreateUser[2020, user1, Swapnil, Shrivastava, a@gmail.com, test@1, 123456789](1)" classname="api.testcases.DataDrivenTest" time="3.647">
    <system-out><![CDATA[On Start method invoked....
[DEBUG] 2024-07-18 19:40:05.654 [main] PackageRelationshipCollection - Parsing relationship: /xl/_rels/workbook.xml.rels
[DEBUG] 2024-07-18 19:40:05.661 [main] PackageRelationshipCollection - Parsing relationship: /xl/worksheets/_rels/sheet1.xml.rels
[DEBUG] 2024-07-18 19:40:05.663 [main] PackageRelationshipCollection - Parsing relationship: /_rels/.rels
[DEBUG] 2024-07-18 19:40:06.431 [main] PackageRelationshipCollection - Parsing relationship: /xl/_rels/workbook.xml.rels
[DEBUG] 2024-07-18 19:40:06.432 [main] PackageRelationshipCollection - Parsing relationship: /xl/worksheets/_rels/sheet1.xml.rels
[DEBUG] 2024-07-18 19:40:06.434 [main] PackageRelationshipCollection - Parsing relationship: /_rels/.rels
[DEBUG] 2024-07-18 19:40:06.463 [main] PackageRelationshipCollection - Parsing relationship: /xl/_rels/workbook.xml.rels
[DEBUG] 2024-07-18 19:40:06.464 [main] PackageRelationshipCollection - Parsing relationship: /xl/worksheets/_rels/sheet1.xml.rels
[DEBUG] 2024-07-18 19:40:06.466 [main] PackageRelationshipCollection - Parsing relationship: /_rels/.rels
[DEBUG] 2024-07-18 19:40:06.507 [main] PackageRelationshipCollection - Parsing relationship: /xl/_rels/workbook.xml.rels
[DEBUG] 2024-07-18 19:40:06.508 [main] PackageRelationshipCollection - Parsing relationship: /xl/worksheets/_rels/sheet1.xml.rels
[DEBUG] 2024-07-18 19:40:06.510 [main] PackageRelationshipCollection - Parsing relationship: /_rels/.rels
[DEBUG] 2024-07-18 19:40:06.540 [main] PackageRelationshipCollection - Parsing relationship: /xl/_rels/workbook.xml.rels
[DEBUG] 2024-07-18 19:40:06.543 [main] PackageRelationshipCollection - Parsing relationship: /xl/worksheets/_rels/sheet1.xml.rels
[DEBUG] 2024-07-18 19:40:06.544 [main] PackageRelationshipCollection - Parsing relationship: /_rels/.rels
[DEBUG] 2024-07-18 19:40:06.566 [main] PackageRelationshipCollection - Parsing relationship: /xl/_rels/workbook.xml.rels
[DEBUG] 2024-07-18 19:40:06.567 [main] PackageRelationshipCollection - Parsing relationship: /xl/worksheets/_rels/sheet1.xml.rels
[DEBUG] 2024-07-18 19:40:06.568 [main] PackageRelationshipCollection - Parsing relationship: /_rels/.rels
[DEBUG] 2024-07-18 19:40:06.594 [main] PackageRelationshipCollection - Parsing relationship: /xl/_rels/workbook.xml.rels
[DEBUG] 2024-07-18 19:40:06.595 [main] PackageRelationshipCollection - Parsing relationship: /xl/worksheets/_rels/sheet1.xml.rels
[DEBUG] 2024-07-18 19:40:06.596 [main] PackageRelationshipCollection - Parsing relationship: /_rels/.rels
[DEBUG] 2024-07-18 19:40:06.621 [main] PackageRelationshipCollection - Parsing relationship: /xl/_rels/workbook.xml.rels
[DEBUG] 2024-07-18 19:40:06.622 [main] PackageRelationshipCollection - Parsing relationship: /xl/worksheets/_rels/sheet1.xml.rels
[DEBUG] 2024-07-18 19:40:06.622 [main] PackageRelationshipCollection - Parsing relationship: /_rels/.rels
[DEBUG] 2024-07-18 19:40:06.644 [main] PackageRelationshipCollection - Parsing relationship: /xl/_rels/workbook.xml.rels
[DEBUG] 2024-07-18 19:40:06.645 [main] PackageRelationshipCollection - Parsing relationship: /xl/worksheets/_rels/sheet1.xml.rels
[DEBUG] 2024-07-18 19:40:06.646 [main] PackageRelationshipCollection - Parsing relationship: /_rels/.rels
[DEBUG] 2024-07-18 19:40:06.668 [main] PackageRelationshipCollection - Parsing relationship: /xl/_rels/workbook.xml.rels
[DEBUG] 2024-07-18 19:40:06.668 [main] PackageRelationshipCollection - Parsing relationship: /xl/worksheets/_rels/sheet1.xml.rels
[DEBUG] 2024-07-18 19:40:06.669 [main] PackageRelationshipCollection - Parsing relationship: /_rels/.rels
[DEBUG] 2024-07-18 19:40:06.692 [main] PackageRelationshipCollection - Parsing relationship: /xl/_rels/workbook.xml.rels
[DEBUG] 2024-07-18 19:40:06.693 [main] PackageRelationshipCollection - Parsing relationship: /xl/worksheets/_rels/sheet1.xml.rels
[DEBUG] 2024-07-18 19:40:06.693 [main] PackageRelationshipCollection - Parsing relationship: /_rels/.rels
[DEBUG] 2024-07-18 19:40:06.715 [main] PackageRelationshipCollection - Parsing relationship: /xl/_rels/workbook.xml.rels
[DEBUG] 2024-07-18 19:40:06.716 [main] PackageRelationshipCollection - Parsing relationship: /xl/worksheets/_rels/sheet1.xml.rels
[DEBUG] 2024-07-18 19:40:06.717 [main] PackageRelationshipCollection - Parsing relationship: /_rels/.rels
[DEBUG] 2024-07-18 19:40:06.737 [main] PackageRelationshipCollection - Parsing relationship: /xl/_rels/workbook.xml.rels
[DEBUG] 2024-07-18 19:40:06.739 [main] PackageRelationshipCollection - Parsing relationship: /xl/worksheets/_rels/sheet1.xml.rels
[DEBUG] 2024-07-18 19:40:06.740 [main] PackageRelationshipCollection - Parsing relationship: /_rels/.rels
[DEBUG] 2024-07-18 19:40:06.764 [main] PackageRelationshipCollection - Parsing relationship: /xl/_rels/workbook.xml.rels
[DEBUG] 2024-07-18 19:40:06.765 [main] PackageRelationshipCollection - Parsing relationship: /xl/worksheets/_rels/sheet1.xml.rels
[DEBUG] 2024-07-18 19:40:06.766 [main] PackageRelationshipCollection - Parsing relationship: /_rels/.rels
[DEBUG] 2024-07-18 19:40:06.790 [main] PackageRelationshipCollection - Parsing relationship: /xl/_rels/workbook.xml.rels
[DEBUG] 2024-07-18 19:40:06.790 [main] PackageRelationshipCollection - Parsing relationship: /xl/worksheets/_rels/sheet1.xml.rels
[DEBUG] 2024-07-18 19:40:06.791 [main] PackageRelationshipCollection - Parsing relationship: /_rels/.rels
[DEBUG] 2024-07-18 19:40:06.817 [main] PackageRelationshipCollection - Parsing relationship: /xl/_rels/workbook.xml.rels
[DEBUG] 2024-07-18 19:40:06.818 [main] PackageRelationshipCollection - Parsing relationship: /xl/worksheets/_rels/sheet1.xml.rels
[DEBUG] 2024-07-18 19:40:06.819 [main] PackageRelationshipCollection - Parsing relationship: /_rels/.rels
[DEBUG] 2024-07-18 19:40:06.850 [main] PackageRelationshipCollection - Parsing relationship: /xl/_rels/workbook.xml.rels
[DEBUG] 2024-07-18 19:40:06.850 [main] PackageRelationshipCollection - Parsing relationship: /xl/worksheets/_rels/sheet1.xml.rels
[DEBUG] 2024-07-18 19:40:06.852 [main] PackageRelationshipCollection - Parsing relationship: /_rels/.rels
[DEBUG] 2024-07-18 19:40:06.870 [main] PackageRelationshipCollection - Parsing relationship: /xl/_rels/workbook.xml.rels
[DEBUG] 2024-07-18 19:40:06.871 [main] PackageRelationshipCollection - Parsing relationship: /xl/worksheets/_rels/sheet1.xml.rels
[DEBUG] 2024-07-18 19:40:06.872 [main] PackageRelationshipCollection - Parsing relationship: /_rels/.rels
[DEBUG] 2024-07-18 19:40:06.891 [main] PackageRelationshipCollection - Parsing relationship: /xl/_rels/workbook.xml.rels
[DEBUG] 2024-07-18 19:40:06.892 [main] PackageRelationshipCollection - Parsing relationship: /xl/worksheets/_rels/sheet1.xml.rels
[DEBUG] 2024-07-18 19:40:06.892 [main] PackageRelationshipCollection - Parsing relationship: /_rels/.rels
[DEBUG] 2024-07-18 19:40:06.923 [main] PackageRelationshipCollection - Parsing relationship: /xl/_rels/workbook.xml.rels
[DEBUG] 2024-07-18 19:40:06.923 [main] PackageRelationshipCollection - Parsing relationship: /xl/worksheets/_rels/sheet1.xml.rels
[DEBUG] 2024-07-18 19:40:06.923 [main] PackageRelationshipCollection - Parsing relationship: /_rels/.rels
[DEBUG] 2024-07-18 19:40:06.949 [main] PackageRelationshipCollection - Parsing relationship: /xl/_rels/workbook.xml.rels
[DEBUG] 2024-07-18 19:40:06.949 [main] PackageRelationshipCollection - Parsing relationship: /xl/worksheets/_rels/sheet1.xml.rels
[DEBUG] 2024-07-18 19:40:06.952 [main] PackageRelationshipCollection - Parsing relationship: /_rels/.rels
[DEBUG] 2024-07-18 19:40:06.972 [main] PackageRelationshipCollection - Parsing relationship: /xl/_rels/workbook.xml.rels
[DEBUG] 2024-07-18 19:40:06.974 [main] PackageRelationshipCollection - Parsing relationship: /xl/worksheets/_rels/sheet1.xml.rels
[DEBUG] 2024-07-18 19:40:06.975 [main] PackageRelationshipCollection - Parsing relationship: /_rels/.rels
[DEBUG] 2024-07-18 19:40:06.994 [main] PackageRelationshipCollection - Parsing relationship: /xl/_rels/workbook.xml.rels
[DEBUG] 2024-07-18 19:40:06.996 [main] PackageRelationshipCollection - Parsing relationship: /xl/worksheets/_rels/sheet1.xml.rels
[DEBUG] 2024-07-18 19:40:06.996 [main] PackageRelationshipCollection - Parsing relationship: /_rels/.rels
Name of test method started:testCreateUser
[INFO ] 2024-07-18 19:40:07.065 [main] RestAssuredFramework - =====DD - Create User Test Started=====
HTTP/1.1 200 OK
Date: Thu, 18 Jul 2024 14:10:14 GMT
Content-Type: application/json
Transfer-Encoding: chunked
Connection: keep-alive
Access-Control-Allow-Origin: *
Access-Control-Allow-Methods: GET, POST, DELETE, PUT
Access-Control-Allow-Headers: Content-Type, api_key, Authorization
Server: Jetty(9.2.9.v20150224)

{
    "code": 200,
    "type": "unknown",
    "message": "2020"
}
[INFO ] 2024-07-18 19:40:10.651 [main] RestAssuredFramework - =====DD - Create User Test Ended=====
Name of test method sucessfully executed:testCreateUser
]]></system-out>
    <system-err><![CDATA[SLF4J: Failed to load class "org.slf4j.impl.StaticLoggerBinder".
SLF4J: Defaulting to no-operation (NOP) logger implementation
SLF4J: See http://www.slf4j.org/codes.html#StaticLoggerBinder for further details.
]]></system-err>
  </testcase>
  <testcase name="testCreateUser[2021, user2, Kapil, Rathore, b@gmail.com, test@2, 123456789](2)" classname="api.testcases.DataDrivenTest" time="1.176">
    <system-out><![CDATA[Name of test method started:testCreateUser
[INFO ] 2024-07-18 19:40:10.705 [main] RestAssuredFramework - =====DD - Create User Test Started=====
HTTP/1.1 200 OK
Date: Thu, 18 Jul 2024 14:10:15 GMT
Content-Type: application/json
Transfer-Encoding: chunked
Connection: keep-alive
Access-Control-Allow-Origin: *
Access-Control-Allow-Methods: GET, POST, DELETE, PUT
Access-Control-Allow-Headers: Content-Type, api_key, Authorization
Server: Jetty(9.2.9.v20150224)

{
    "code": 200,
    "type": "unknown",
    "message": "2021"
}
[INFO ] 2024-07-18 19:40:11.882 [main] RestAssuredFramework - =====DD - Create User Test Ended=====
Name of test method sucessfully executed:testCreateUser
]]></system-out>
  </testcase>
  <testcase name="testCreateUser[2022, user3, Neeraj, Maurya, c@gmail.com, test@3, 123456789](3)" classname="api.testcases.DataDrivenTest" time="1.126">
    <system-out><![CDATA[Name of test method started:testCreateUser
[INFO ] 2024-07-18 19:40:11.884 [main] RestAssuredFramework - =====DD - Create User Test Started=====
HTTP/1.1 200 OK
Date: Thu, 18 Jul 2024 14:10:16 GMT
Content-Type: application/json
Transfer-Encoding: chunked
Connection: keep-alive
Access-Control-Allow-Origin: *
Access-Control-Allow-Methods: GET, POST, DELETE, PUT
Access-Control-Allow-Headers: Content-Type, api_key, Authorization
Server: Jetty(9.2.9.v20150224)

{
    "code": 200,
    "type": "unknown",
    "message": "2022"
}
[INFO ] 2024-07-18 19:40:13.007 [main] RestAssuredFramework - =====DD - Create User Test Ended=====
Name of test method sucessfully executed:testCreateUser
]]></system-out>
  </testcase>
  <testcase name="testGetUserData[user1](1)" classname="api.testcases.DataDrivenTest" time="1.249">
    <system-out><![CDATA[[DEBUG] 2024-07-18 19:40:13.025 [main] PackageRelationshipCollection - Parsing relationship: /xl/_rels/workbook.xml.rels
[DEBUG] 2024-07-18 19:40:13.026 [main] PackageRelationshipCollection - Parsing relationship: /xl/worksheets/_rels/sheet1.xml.rels
[DEBUG] 2024-07-18 19:40:13.027 [main] PackageRelationshipCollection - Parsing relationship: /_rels/.rels
[DEBUG] 2024-07-18 19:40:13.049 [main] PackageRelationshipCollection - Parsing relationship: /xl/_rels/workbook.xml.rels
[DEBUG] 2024-07-18 19:40:13.050 [main] PackageRelationshipCollection - Parsing relationship: /xl/worksheets/_rels/sheet1.xml.rels
[DEBUG] 2024-07-18 19:40:13.051 [main] PackageRelationshipCollection - Parsing relationship: /_rels/.rels
[DEBUG] 2024-07-18 19:40:13.073 [main] PackageRelationshipCollection - Parsing relationship: /xl/_rels/workbook.xml.rels
[DEBUG] 2024-07-18 19:40:13.074 [main] PackageRelationshipCollection - Parsing relationship: /xl/worksheets/_rels/sheet1.xml.rels
[DEBUG] 2024-07-18 19:40:13.075 [main] PackageRelationshipCollection - Parsing relationship: /_rels/.rels
[DEBUG] 2024-07-18 19:40:13.100 [main] PackageRelationshipCollection - Parsing relationship: /xl/_rels/workbook.xml.rels
[DEBUG] 2024-07-18 19:40:13.101 [main] PackageRelationshipCollection - Parsing relationship: /xl/worksheets/_rels/sheet1.xml.rels
[DEBUG] 2024-07-18 19:40:13.102 [main] PackageRelationshipCollection - Parsing relationship: /_rels/.rels
Name of test method started:testGetUserData
[INFO ] 2024-07-18 19:40:13.125 [main] RestAssuredFramework - =====DD - Get User Test Started=====
HTTP/1.1 200 OK
Date: Thu, 18 Jul 2024 14:10:18 GMT
Content-Type: application/json
Transfer-Encoding: chunked
Connection: keep-alive
Access-Control-Allow-Origin: *
Access-Control-Allow-Methods: GET, POST, DELETE, PUT
Access-Control-Allow-Headers: Content-Type, api_key, Authorization
Server: Jetty(9.2.9.v20150224)

{
    "id": 2020,
    "username": "user1",
    "email": "a@gmail.com",
    "password": "test@1",
    "phone": "123456789",
    "userStatus": 0
}
[INFO ] 2024-07-18 19:40:14.370 [main] RestAssuredFramework - =====DD - Get User Test Ended=====
Name of test method sucessfully executed:testGetUserData
]]></system-out>
  </testcase>
  <testcase name="testGetUserData[user2](2)" classname="api.testcases.DataDrivenTest" time="1.179">
    <system-out><![CDATA[Name of test method started:testGetUserData
[INFO ] 2024-07-18 19:40:14.372 [main] RestAssuredFramework - =====DD - Get User Test Started=====
HTTP/1.1 200 OK
Date: Thu, 18 Jul 2024 14:10:19 GMT
Content-Type: application/json
Transfer-Encoding: chunked
Connection: keep-alive
Access-Control-Allow-Origin: *
Access-Control-Allow-Methods: GET, POST, DELETE, PUT
Access-Control-Allow-Headers: Content-Type, api_key, Authorization
Server: Jetty(9.2.9.v20150224)

{
    "id": 2021,
    "username": "user2",
    "email": "b@gmail.com",
    "password": "test@2",
    "phone": "123456789",
    "userStatus": 0
}
[INFO ] 2024-07-18 19:40:15.550 [main] RestAssuredFramework - =====DD - Get User Test Ended=====
Name of test method sucessfully executed:testGetUserData
]]></system-out>
  </testcase>
  <testcase name="testGetUserData[user3](3)" classname="api.testcases.DataDrivenTest" time="1.13">
    <system-out><![CDATA[Name of test method started:testGetUserData
[INFO ] 2024-07-18 19:40:15.552 [main] RestAssuredFramework - =====DD - Get User Test Started=====
HTTP/1.1 200 OK
Date: Thu, 18 Jul 2024 14:10:20 GMT
Content-Type: application/json
Transfer-Encoding: chunked
Connection: keep-alive
Access-Control-Allow-Origin: *
Access-Control-Allow-Methods: GET, POST, DELETE, PUT
Access-Control-Allow-Headers: Content-Type, api_key, Authorization
Server: Jetty(9.2.9.v20150224)

{
    "id": 2022,
    "username": "user3",
    "email": "c@gmail.com",
    "password": "test@3",
    "phone": "123456789",
    "userStatus": 0
}
[INFO ] 2024-07-18 19:40:16.677 [main] RestAssuredFramework - =====DD - Get User Test Ended=====
Name of test method sucessfully executed:testGetUserData
]]></system-out>
  </testcase>
  <testcase name="testUpdateUser[2020, user1, Swapnil, Shrivastava, a@gmail.com, test@1, 123456789](1)" classname="api.testcases.DataDrivenTest" time="2.262">
    <system-out><![CDATA[[DEBUG] 2024-07-18 19:40:16.687 [main] PackageRelationshipCollection - Parsing relationship: /xl/_rels/workbook.xml.rels
[DEBUG] 2024-07-18 19:40:16.688 [main] PackageRelationshipCollection - Parsing relationship: /xl/worksheets/_rels/sheet1.xml.rels
[DEBUG] 2024-07-18 19:40:16.688 [main] PackageRelationshipCollection - Parsing relationship: /_rels/.rels
[DEBUG] 2024-07-18 19:40:16.715 [main] PackageRelationshipCollection - Parsing relationship: /xl/_rels/workbook.xml.rels
[DEBUG] 2024-07-18 19:40:16.716 [main] PackageRelationshipCollection - Parsing relationship: /xl/worksheets/_rels/sheet1.xml.rels
[DEBUG] 2024-07-18 19:40:16.716 [main] PackageRelationshipCollection - Parsing relationship: /_rels/.rels
[DEBUG] 2024-07-18 19:40:16.740 [main] PackageRelationshipCollection - Parsing relationship: /xl/_rels/workbook.xml.rels
[DEBUG] 2024-07-18 19:40:16.741 [main] PackageRelationshipCollection - Parsing relationship: /xl/worksheets/_rels/sheet1.xml.rels
[DEBUG] 2024-07-18 19:40:16.742 [main] PackageRelationshipCollection - Parsing relationship: /_rels/.rels
[DEBUG] 2024-07-18 19:40:16.764 [main] PackageRelationshipCollection - Parsing relationship: /xl/_rels/workbook.xml.rels
[DEBUG] 2024-07-18 19:40:16.766 [main] PackageRelationshipCollection - Parsing relationship: /xl/worksheets/_rels/sheet1.xml.rels
[DEBUG] 2024-07-18 19:40:16.767 [main] PackageRelationshipCollection - Parsing relationship: /_rels/.rels
[DEBUG] 2024-07-18 19:40:16.790 [main] PackageRelationshipCollection - Parsing relationship: /xl/_rels/workbook.xml.rels
[DEBUG] 2024-07-18 19:40:16.792 [main] PackageRelationshipCollection - Parsing relationship: /xl/worksheets/_rels/sheet1.xml.rels
[DEBUG] 2024-07-18 19:40:16.793 [main] PackageRelationshipCollection - Parsing relationship: /_rels/.rels
[DEBUG] 2024-07-18 19:40:16.816 [main] PackageRelationshipCollection - Parsing relationship: /xl/_rels/workbook.xml.rels
[DEBUG] 2024-07-18 19:40:16.817 [main] PackageRelationshipCollection - Parsing relationship: /xl/worksheets/_rels/sheet1.xml.rels
[DEBUG] 2024-07-18 19:40:16.818 [main] PackageRelationshipCollection - Parsing relationship: /_rels/.rels
[DEBUG] 2024-07-18 19:40:16.846 [main] PackageRelationshipCollection - Parsing relationship: /xl/_rels/workbook.xml.rels
[DEBUG] 2024-07-18 19:40:16.851 [main] PackageRelationshipCollection - Parsing relationship: /xl/worksheets/_rels/sheet1.xml.rels
[DEBUG] 2024-07-18 19:40:16.853 [main] PackageRelationshipCollection - Parsing relationship: /_rels/.rels
[DEBUG] 2024-07-18 19:40:16.885 [main] PackageRelationshipCollection - Parsing relationship: /xl/_rels/workbook.xml.rels
[DEBUG] 2024-07-18 19:40:16.888 [main] PackageRelationshipCollection - Parsing relationship: /xl/worksheets/_rels/sheet1.xml.rels
[DEBUG] 2024-07-18 19:40:16.893 [main] PackageRelationshipCollection - Parsing relationship: /_rels/.rels
[DEBUG] 2024-07-18 19:40:16.908 [main] PackageRelationshipCollection - Parsing relationship: /xl/_rels/workbook.xml.rels
[DEBUG] 2024-07-18 19:40:16.909 [main] PackageRelationshipCollection - Parsing relationship: /xl/worksheets/_rels/sheet1.xml.rels
[DEBUG] 2024-07-18 19:40:16.909 [main] PackageRelationshipCollection - Parsing relationship: /_rels/.rels
[DEBUG] 2024-07-18 19:40:16.925 [main] PackageRelationshipCollection - Parsing relationship: /xl/_rels/workbook.xml.rels
[DEBUG] 2024-07-18 19:40:16.927 [main] PackageRelationshipCollection - Parsing relationship: /xl/worksheets/_rels/sheet1.xml.rels
[DEBUG] 2024-07-18 19:40:16.929 [main] PackageRelationshipCollection - Parsing relationship: /_rels/.rels
[DEBUG] 2024-07-18 19:40:16.947 [main] PackageRelationshipCollection - Parsing relationship: /xl/_rels/workbook.xml.rels
[DEBUG] 2024-07-18 19:40:16.947 [main] PackageRelationshipCollection - Parsing relationship: /xl/worksheets/_rels/sheet1.xml.rels
[DEBUG] 2024-07-18 19:40:16.952 [main] PackageRelationshipCollection - Parsing relationship: /_rels/.rels
[DEBUG] 2024-07-18 19:40:16.965 [main] PackageRelationshipCollection - Parsing relationship: /xl/_rels/workbook.xml.rels
[DEBUG] 2024-07-18 19:40:16.966 [main] PackageRelationshipCollection - Parsing relationship: /xl/worksheets/_rels/sheet1.xml.rels
[DEBUG] 2024-07-18 19:40:16.968 [main] PackageRelationshipCollection - Parsing relationship: /_rels/.rels
[DEBUG] 2024-07-18 19:40:16.988 [main] PackageRelationshipCollection - Parsing relationship: /xl/_rels/workbook.xml.rels
[DEBUG] 2024-07-18 19:40:16.989 [main] PackageRelationshipCollection - Parsing relationship: /xl/worksheets/_rels/sheet1.xml.rels
[DEBUG] 2024-07-18 19:40:16.989 [main] PackageRelationshipCollection - Parsing relationship: /_rels/.rels
[DEBUG] 2024-07-18 19:40:16.999 [main] PackageRelationshipCollection - Parsing relationship: /xl/_rels/workbook.xml.rels
[DEBUG] 2024-07-18 19:40:16.999 [main] PackageRelationshipCollection - Parsing relationship: /xl/worksheets/_rels/sheet1.xml.rels
[DEBUG] 2024-07-18 19:40:17.000 [main] PackageRelationshipCollection - Parsing relationship: /_rels/.rels
[DEBUG] 2024-07-18 19:40:17.008 [main] PackageRelationshipCollection - Parsing relationship: /xl/_rels/workbook.xml.rels
[DEBUG] 2024-07-18 19:40:17.009 [main] PackageRelationshipCollection - Parsing relationship: /xl/worksheets/_rels/sheet1.xml.rels
[DEBUG] 2024-07-18 19:40:17.010 [main] PackageRelationshipCollection - Parsing relationship: /_rels/.rels
[DEBUG] 2024-07-18 19:40:17.020 [main] PackageRelationshipCollection - Parsing relationship: /xl/_rels/workbook.xml.rels
[DEBUG] 2024-07-18 19:40:17.021 [main] PackageRelationshipCollection - Parsing relationship: /xl/worksheets/_rels/sheet1.xml.rels
[DEBUG] 2024-07-18 19:40:17.021 [main] PackageRelationshipCollection - Parsing relationship: /_rels/.rels
[DEBUG] 2024-07-18 19:40:17.031 [main] PackageRelationshipCollection - Parsing relationship: /xl/_rels/workbook.xml.rels
[DEBUG] 2024-07-18 19:40:17.032 [main] PackageRelationshipCollection - Parsing relationship: /xl/worksheets/_rels/sheet1.xml.rels
[DEBUG] 2024-07-18 19:40:17.032 [main] PackageRelationshipCollection - Parsing relationship: /_rels/.rels
[DEBUG] 2024-07-18 19:40:17.042 [main] PackageRelationshipCollection - Parsing relationship: /xl/_rels/workbook.xml.rels
[DEBUG] 2024-07-18 19:40:17.043 [main] PackageRelationshipCollection - Parsing relationship: /xl/worksheets/_rels/sheet1.xml.rels
[DEBUG] 2024-07-18 19:40:17.043 [main] PackageRelationshipCollection - Parsing relationship: /_rels/.rels
[DEBUG] 2024-07-18 19:40:17.054 [main] PackageRelationshipCollection - Parsing relationship: /xl/_rels/workbook.xml.rels
[DEBUG] 2024-07-18 19:40:17.054 [main] PackageRelationshipCollection - Parsing relationship: /xl/worksheets/_rels/sheet1.xml.rels
[DEBUG] 2024-07-18 19:40:17.056 [main] PackageRelationshipCollection - Parsing relationship: /_rels/.rels
[DEBUG] 2024-07-18 19:40:17.065 [main] PackageRelationshipCollection - Parsing relationship: /xl/_rels/workbook.xml.rels
[DEBUG] 2024-07-18 19:40:17.065 [main] PackageRelationshipCollection - Parsing relationship: /xl/worksheets/_rels/sheet1.xml.rels
[DEBUG] 2024-07-18 19:40:17.065 [main] PackageRelationshipCollection - Parsing relationship: /_rels/.rels
[DEBUG] 2024-07-18 19:40:17.079 [main] PackageRelationshipCollection - Parsing relationship: /xl/_rels/workbook.xml.rels
[DEBUG] 2024-07-18 19:40:17.080 [main] PackageRelationshipCollection - Parsing relationship: /xl/worksheets/_rels/sheet1.xml.rels
[DEBUG] 2024-07-18 19:40:17.080 [main] PackageRelationshipCollection - Parsing relationship: /_rels/.rels
[DEBUG] 2024-07-18 19:40:17.094 [main] PackageRelationshipCollection - Parsing relationship: /xl/_rels/workbook.xml.rels
[DEBUG] 2024-07-18 19:40:17.094 [main] PackageRelationshipCollection - Parsing relationship: /xl/worksheets/_rels/sheet1.xml.rels
[DEBUG] 2024-07-18 19:40:17.095 [main] PackageRelationshipCollection - Parsing relationship: /_rels/.rels
[DEBUG] 2024-07-18 19:40:17.121 [main] PackageRelationshipCollection - Parsing relationship: /xl/_rels/workbook.xml.rels
[DEBUG] 2024-07-18 19:40:17.122 [main] PackageRelationshipCollection - Parsing relationship: /xl/worksheets/_rels/sheet1.xml.rels
[DEBUG] 2024-07-18 19:40:17.122 [main] PackageRelationshipCollection - Parsing relationship: /_rels/.rels
Name of test method started:testUpdateUser
[INFO ] 2024-07-18 19:40:17.131 [main] RestAssuredFramework - =====DD - Update User Test Started=====
HTTP/1.1 200 OK
Date: Thu, 18 Jul 2024 14:10:22 GMT
Content-Type: application/json
Transfer-Encoding: chunked
Connection: keep-alive
Access-Control-Allow-Origin: *
Access-Control-Allow-Methods: GET, POST, DELETE, PUT
Access-Control-Allow-Headers: Content-Type, api_key, Authorization
Server: Jetty(9.2.9.v20150224)

{
    "code": 200,
    "type": "unknown",
    "message": "2022"
}
HTTP/1.1 200 OK
Date: Thu, 18 Jul 2024 14:10:23 GMT
Content-Type: application/json
Transfer-Encoding: chunked
Connection: keep-alive
Access-Control-Allow-Origin: *
Access-Control-Allow-Methods: GET, POST, DELETE, PUT
Access-Control-Allow-Headers: Content-Type, api_key, Authorization
Server: Jetty(9.2.9.v20150224)

{
    "id": 2020,
    "username": "user1",
    "email": "a@gmail.com",
    "password": "test@1",
    "phone": "123456789",
    "userStatus": 0
}
[INFO ] 2024-07-18 19:40:19.393 [main] RestAssuredFramework - =====DD - Update User Test Ended=====
Name of test method sucessfully executed:testUpdateUser
]]></system-out>
  </testcase>
  <testcase name="testUpdateUser[2021, user2, Kapil, Rathore, b@gmail.com, test@2, 123456789](2)" classname="api.testcases.DataDrivenTest" time="0.002">
    <system-out><![CDATA[Name of test method started:testUpdateUser
[INFO ] 2024-07-18 19:40:19.395 [main] RestAssuredFramework - =====DD - Update User Test Started=====
[INFO ] 2024-07-18 19:40:19.395 [main] RestAssuredFramework - =====DD - Update User Test Ended=====
Name of test method sucessfully executed:testUpdateUser
]]></system-out>
  </testcase>
  <testcase name="testUpdateUser[2022, user3, Neeraj, Maurya, c@gmail.com, test@3, 123456789](3)" classname="api.testcases.DataDrivenTest" time="0.015">
    <system-out><![CDATA[Name of test method started:testUpdateUser
[INFO ] 2024-07-18 19:40:19.396 [main] RestAssuredFramework - =====DD - Update User Test Started=====
[INFO ] 2024-07-18 19:40:19.396 [main] RestAssuredFramework - =====DD - Update User Test Ended=====
Name of test method sucessfully executed:testUpdateUser
]]></system-out>
  </testcase>
  <testcase name="testDeleteUser[user1](1)" classname="api.testcases.DataDrivenTest" time="1.143">
    <system-out><![CDATA[[DEBUG] 2024-07-18 19:40:19.404 [main] PackageRelationshipCollection - Parsing relationship: /xl/_rels/workbook.xml.rels
[DEBUG] 2024-07-18 19:40:19.404 [main] PackageRelationshipCollection - Parsing relationship: /xl/worksheets/_rels/sheet1.xml.rels
[DEBUG] 2024-07-18 19:40:19.404 [main] PackageRelationshipCollection - Parsing relationship: /_rels/.rels
[DEBUG] 2024-07-18 19:40:19.430 [main] PackageRelationshipCollection - Parsing relationship: /xl/_rels/workbook.xml.rels
[DEBUG] 2024-07-18 19:40:19.430 [main] PackageRelationshipCollection - Parsing relationship: /xl/worksheets/_rels/sheet1.xml.rels
[DEBUG] 2024-07-18 19:40:19.432 [main] PackageRelationshipCollection - Parsing relationship: /_rels/.rels
[DEBUG] 2024-07-18 19:40:19.449 [main] PackageRelationshipCollection - Parsing relationship: /xl/_rels/workbook.xml.rels
[DEBUG] 2024-07-18 19:40:19.450 [main] PackageRelationshipCollection - Parsing relationship: /xl/worksheets/_rels/sheet1.xml.rels
[DEBUG] 2024-07-18 19:40:19.451 [main] PackageRelationshipCollection - Parsing relationship: /_rels/.rels
[DEBUG] 2024-07-18 19:40:19.466 [main] PackageRelationshipCollection - Parsing relationship: /xl/_rels/workbook.xml.rels
[DEBUG] 2024-07-18 19:40:19.467 [main] PackageRelationshipCollection - Parsing relationship: /xl/worksheets/_rels/sheet1.xml.rels
[DEBUG] 2024-07-18 19:40:19.467 [main] PackageRelationshipCollection - Parsing relationship: /_rels/.rels
Name of test method started:testDeleteUser
[INFO ] 2024-07-18 19:40:19.479 [main] RestAssuredFramework - =====DD - Delete User Test Started=====
HTTP/1.1 200 OK
Date: Thu, 18 Jul 2024 14:10:24 GMT
Content-Type: application/json
Transfer-Encoding: chunked
Connection: keep-alive
Access-Control-Allow-Origin: *
Access-Control-Allow-Methods: GET, POST, DELETE, PUT
Access-Control-Allow-Headers: Content-Type, api_key, Authorization
Server: Jetty(9.2.9.v20150224)

{
    "code": 200,
    "type": "unknown",
    "message": "user1"
}
[INFO ] 2024-07-18 19:40:20.627 [main] RestAssuredFramework - =====DD - Delete User Test Ended=====
Name of test method sucessfully executed:testDeleteUser
]]></system-out>
  </testcase>
  <testcase name="testDeleteUser[user2](2)" classname="api.testcases.DataDrivenTest" time="1.108">
    <system-out><![CDATA[Name of test method started:testDeleteUser
[INFO ] 2024-07-18 19:40:20.628 [main] RestAssuredFramework - =====DD - Delete User Test Started=====
HTTP/1.1 200 OK
Date: Thu, 18 Jul 2024 14:10:25 GMT
Content-Type: application/json
Transfer-Encoding: chunked
Connection: keep-alive
Access-Control-Allow-Origin: *
Access-Control-Allow-Methods: GET, POST, DELETE, PUT
Access-Control-Allow-Headers: Content-Type, api_key, Authorization
Server: Jetty(9.2.9.v20150224)

{
    "code": 200,
    "type": "unknown",
    "message": "user2"
}
[INFO ] 2024-07-18 19:40:21.736 [main] RestAssuredFramework - =====DD - Delete User Test Ended=====
Name of test method sucessfully executed:testDeleteUser
]]></system-out>
  </testcase>
  <testcase name="testDeleteUser[user3](3)" classname="api.testcases.DataDrivenTest" time="1.195">
    <system-out><![CDATA[Name of test method started:testDeleteUser
[INFO ] 2024-07-18 19:40:21.738 [main] RestAssuredFramework - =====DD - Delete User Test Started=====
HTTP/1.1 200 OK
Date: Thu, 18 Jul 2024 14:10:26 GMT
Content-Type: application/json
Transfer-Encoding: chunked
Connection: keep-alive
Access-Control-Allow-Origin: *
Access-Control-Allow-Methods: GET, POST, DELETE, PUT
Access-Control-Allow-Headers: Content-Type, api_key, Authorization
Server: Jetty(9.2.9.v20150224)

{
    "code": 200,
    "type": "unknown",
    "message": "user3"
}
[INFO ] 2024-07-18 19:40:22.932 [main] RestAssuredFramework - =====DD - Delete User Test Ended=====
Name of test method sucessfully executed:testDeleteUser
]]></system-out>
  </testcase>
  <testcase name="testCreateUser" classname="api.testcases.UserTest" time="1.166">
    <system-out><![CDATA[Name of test method started:testCreateUser
[INFO ] 2024-07-18 19:40:23.187 [main] RestAssuredFramework - =====Create User Test Started=====
HTTP/1.1 200 OK
Date: Thu, 18 Jul 2024 14:10:28 GMT
Content-Type: application/json
Transfer-Encoding: chunked
Connection: keep-alive
Access-Control-Allow-Origin: *
Access-Control-Allow-Methods: GET, POST, DELETE, PUT
Access-Control-Allow-Headers: Content-Type, api_key, Authorization
Server: Jetty(9.2.9.v20150224)

{
    "code": 200,
    "type": "unknown",
    "message": "1364230185"
}
[INFO ] 2024-07-18 19:40:24.347 [main] RestAssuredFramework - =====Create User Test Ended=====
Name of test method sucessfully executed:testCreateUser
]]></system-out>
  </testcase>
  <testcase name="testGetUserData" classname="api.testcases.UserTest" time="1.152">
    <system-out><![CDATA[Name of test method started:testGetUserData
[INFO ] 2024-07-18 19:40:24.354 [main] RestAssuredFramework - ======Get User Test Started========
HTTP/1.1 200 OK
Date: Thu, 18 Jul 2024 14:10:29 GMT
Content-Type: application/json
Transfer-Encoding: chunked
Connection: keep-alive
Access-Control-Allow-Origin: *
Access-Control-Allow-Methods: GET, POST, DELETE, PUT
Access-Control-Allow-Headers: Content-Type, api_key, Authorization
Server: Jetty(9.2.9.v20150224)

{
    "id": 1364230185,
    "username": "jolanda.klocko",
    "email": "dione.stokes@gmail.com",
    "password": "suooupcgy",
    "phone": "167.047.8145",
    "userStatus": 0
}
[INFO ] 2024-07-18 19:40:25.505 [main] RestAssuredFramework - =====Get User Test Ended=====
Name of test method sucessfully executed:testGetUserData
]]></system-out>
  </testcase>
  <testcase name="testUpdateUser" classname="api.testcases.UserTest" time="2.256">
    <system-out><![CDATA[Name of test method started:testUpdateUser
[INFO ] 2024-07-18 19:40:25.506 [main] RestAssuredFramework - =====Update User Test Started=====
HTTP/1.1 200 OK
Date: Thu, 18 Jul 2024 14:10:30 GMT
Content-Type: application/json
Transfer-Encoding: chunked
Connection: keep-alive
Access-Control-Allow-Origin: *
Access-Control-Allow-Methods: GET, POST, DELETE, PUT
Access-Control-Allow-Headers: Content-Type, api_key, Authorization
Server: Jetty(9.2.9.v20150224)

{
    "code": 200,
    "type": "unknown",
    "message": "1364230185"
}
HTTP/1.1 200 OK
Date: Thu, 18 Jul 2024 14:10:31 GMT
Content-Type: application/json
Transfer-Encoding: chunked
Connection: keep-alive
Access-Control-Allow-Origin: *
Access-Control-Allow-Methods: GET, POST, DELETE, PUT
Access-Control-Allow-Headers: Content-Type, api_key, Authorization
Server: Jetty(9.2.9.v20150224)

{
    "id": 1364230185,
    "username": "jolanda.klocko",
    "email": "victoria.halvorson@gmail.com",
    "password": "suooupcgy",
    "phone": "167.047.8145",
    "userStatus": 0
}
[INFO ] 2024-07-18 19:40:27.760 [main] RestAssuredFramework - =====Update User Test Ended=====
Name of test method sucessfully executed:testUpdateUser
]]></system-out>
  </testcase>
  <testcase name="testDeleteUser" classname="api.testcases.UserTest" time="1.236">
    <system-out><![CDATA[Name of test method started:testDeleteUser
[INFO ] 2024-07-18 19:40:27.762 [main] RestAssuredFramework - =====Delete User Test Started=====
HTTP/1.1 200 OK
Date: Thu, 18 Jul 2024 14:10:32 GMT
Content-Type: application/json
Transfer-Encoding: chunked
Connection: keep-alive
Access-Control-Allow-Origin: *
Access-Control-Allow-Methods: GET, POST, DELETE, PUT
Access-Control-Allow-Headers: Content-Type, api_key, Authorization
Server: Jetty(9.2.9.v20150224)

{
    "code": 200,
    "type": "unknown",
    "message": "jolanda.klocko"
}
[INFO ] 2024-07-18 19:40:28.997 [main] RestAssuredFramework - =====Delete User Test Ended=====
Name of test method sucessfully executed:testDeleteUser
]]></system-out>
  </testcase>
</testsuite>