<?xml version="1.0" encoding="UTF-8"?>
<!-- Generated by org.testng.reporters.JUnitReportReporter -->
<testsuite hostname="LAPTOP-BQ2GGJM5" failures="0" tests="4" name="api.testcases.UserTestusingprop" time="8.310" errors="0" timestamp="2024-07-18T19:19:11 IST" skipped="0">
  <testcase classname="api.testcases.UserTestusingprop" name="testCreateUser" time="3.622"/>
  <system-out/>
  <testcase classname="api.testcases.UserTestusingprop" name="testGetUserData" time="1.166"/>
  <system-out/>
  <testcase classname="api.testcases.UserTestusingprop" name="testUpdateUser" time="2.340"/>
  <system-out/>
  <testcase classname="api.testcases.UserTestusingprop" name="testDeleteUser" time="1.182"/>
  <system-out/>
</testsuite> <!-- api.testcases.UserTestusingprop -->
