<?xml version="1.0" encoding="UTF-8"?>
<!-- Generated by org.testng.reporters.JUnitReportReporter -->
<testsuite hostname="LAPTOP-BQ2GGJM5" failures="0" tests="4" name="api.testcases.UserTest" time="5.686" errors="0" timestamp="2024-07-16T21:13:27 IST" skipped="0">
  <testcase classname="api.testcases.UserTest" name="testCreateUser" time="1.125"/>
  <system-out/>
  <testcase classname="api.testcases.UserTest" name="testGetUserData" time="1.133"/>
  <system-out/>
  <testcase classname="api.testcases.UserTest" name="testUpdateUser" time="2.240"/>
  <system-out/>
  <testcase classname="api.testcases.UserTest" name="testDeleteUser" time="1.188"/>
  <system-out/>
</testsuite> <!-- api.testcases.UserTest -->
