<?xml version="1.0" encoding="UTF-8"?>
<!-- Generated by org.testng.reporters.JUnitReportReporter -->
<testsuite hostname="LAPTOP-BQ2GGJM5" failures="0" tests="12" name="api.testcases.DataDrivenTest" time="14.163" errors="0" timestamp="2024-07-16T21:13:27 IST" skipped="0">
  <testcase classname="api.testcases.DataDrivenTest" name="testCreateUser" time="1.191"/>
  <system-out/>
  <testcase classname="api.testcases.DataDrivenTest" name="testCreateUser" time="2.663"/>
  <system-out/>
  <testcase classname="api.testcases.DataDrivenTest" name="testCreateUser" time="1.166"/>
  <system-out/>
  <testcase classname="api.testcases.DataDrivenTest" name="testGetUserData" time="1.137"/>
  <system-out/>
  <testcase classname="api.testcases.DataDrivenTest" name="testGetUserData" time="1.091"/>
  <system-out/>
  <testcase classname="api.testcases.DataDrivenTest" name="testGetUserData" time="1.094"/>
  <system-out/>
  <testcase classname="api.testcases.DataDrivenTest" name="testUpdateUser" time="2.329"/>
  <system-out/>
  <testcase classname="api.testcases.DataDrivenTest" name="testUpdateUser" time="0.002"/>
  <system-out/>
  <testcase classname="api.testcases.DataDrivenTest" name="testUpdateUser" time="0.000"/>
  <system-out/>
  <testcase classname="api.testcases.DataDrivenTest" name="testDeleteUser" time="1.146"/>
  <system-out/>
  <testcase classname="api.testcases.DataDrivenTest" name="testDeleteUser" time="1.192"/>
  <system-out/>
  <testcase classname="api.testcases.DataDrivenTest" name="testDeleteUser" time="1.152"/>
  <system-out/>
</testsuite> <!-- api.testcases.DataDrivenTest -->
