<?xml version="1.0" encoding="UTF-8"?>
<!-- Generated by org.testng.reporters.JUnitReportReporter -->
<testsuite hostname="LAPTOP-BQ2GGJM5" failures="0" tests="4" name="api.testcases.UserTest" time="5.802" errors="0" timestamp="2024-07-18T19:40:29 IST" skipped="0">
  <testcase classname="api.testcases.UserTest" name="testCreateUser" time="1.160"/>
  <system-out/>
  <testcase classname="api.testcases.UserTest" name="testGetUserData" time="1.152"/>
  <system-out/>
  <testcase classname="api.testcases.UserTest" name="testUpdateUser" time="2.254"/>
  <system-out/>
  <testcase classname="api.testcases.UserTest" name="testDeleteUser" time="1.236"/>
  <system-out/>
</testsuite> <!-- api.testcases.UserTest -->
