<?xml version="1.0" encoding="UTF-8"?>
<!-- Generated by org.testng.reporters.JUnitReportReporter -->
<testsuite hostname="LAPTOP-BQ2GGJM5" failures="0" tests="12" name="api.testcases.DataDrivenTest" time="15.165" errors="0" timestamp="2024-07-18T19:40:29 IST" skipped="0">
  <testcase classname="api.testcases.DataDrivenTest" name="testCreateUser" time="1.123"/>
  <system-out/>
  <testcase classname="api.testcases.DataDrivenTest" name="testCreateUser" time="3.599"/>
  <system-out/>
  <testcase classname="api.testcases.DataDrivenTest" name="testCreateUser" time="1.177"/>
  <system-out/>
  <testcase classname="api.testcases.DataDrivenTest" name="testGetUserData" time="1.126"/>
  <system-out/>
  <testcase classname="api.testcases.DataDrivenTest" name="testGetUserData" time="1.178"/>
  <system-out/>
  <testcase classname="api.testcases.DataDrivenTest" name="testGetUserData" time="1.247"/>
  <system-out/>
  <testcase classname="api.testcases.DataDrivenTest" name="testUpdateUser" time="0.001"/>
  <system-out/>
  <testcase classname="api.testcases.DataDrivenTest" name="testUpdateUser" time="0.000"/>
  <system-out/>
  <testcase classname="api.testcases.DataDrivenTest" name="testUpdateUser" time="2.263"/>
  <system-out/>
  <testcase classname="api.testcases.DataDrivenTest" name="testDeleteUser" time="1.108"/>
  <system-out/>
  <testcase classname="api.testcases.DataDrivenTest" name="testDeleteUser" time="1.149"/>
  <system-out/>
  <testcase classname="api.testcases.DataDrivenTest" name="testDeleteUser" time="1.194"/>
  <system-out/>
</testsuite> <!-- api.testcases.DataDrivenTest -->
